BarcodeWidgetF102_combine/BarcodeWidgetF102/app/build/intermediates/manifest_merge_blame_file/debug/manifest-merger-blame-debug-report.txt
1<?xml version="1.0" encoding="utf-8"?>
2<manifest xmlns:android="http://schemas.android.com/apk/res/android"
3    package="com.example.barcodewidgetf10"
4    android:versionCode="1"
5    android:versionName="1.0" >
6
7    <uses-sdk
8        android:minSdkVersion="15"
8-->src\main\AndroidManifest.xml
9        android:targetSdkVersion="29" />
9-->src\main\AndroidManifest.xml
10
11    <uses-permission android:name="android.permission.CAMERA" /> <!-- Don't require camera, as this requires a rear camera. This allows it to work on the Nexus 7 -->
11-->[com.journeyapps:zxing-android-embedded:3.6.0] AndroidManifest.xml:22:5-65
11-->[com.journeyapps:zxing-android-embedded:3.6.0] AndroidManifest.xml:22:22-62
12    <uses-feature
12-->[com.journeyapps:zxing-android-embedded:3.6.0] AndroidManifest.xml:25:5-27:36
13        android:name="android.hardware.camera"
13-->[com.journeyapps:zxing-android-embedded:3.6.0] AndroidManifest.xml:26:9-47
14        android:required="false" />
14-->[com.journeyapps:zxing-android-embedded:3.6.0] AndroidManifest.xml:27:9-33
15    <uses-feature
15-->[com.journeyapps:zxing-android-embedded:3.6.0] AndroidManifest.xml:28:5-30:36
16        android:name="android.hardware.camera.front"
16-->[com.journeyapps:zxing-android-embedded:3.6.0] AndroidManifest.xml:29:9-53
17        android:required="false" /> <!-- TODO replace above two with next line after Android 4.2 -->
17-->[com.journeyapps:zxing-android-embedded:3.6.0] AndroidManifest.xml:30:9-33
18    <!-- <uses-feature android:name="android.hardware.camera.any"/> -->
19    <uses-feature
19-->[com.journeyapps:zxing-android-embedded:3.6.0] AndroidManifest.xml:33:5-35:36
20        android:name="android.hardware.camera.autofocus"
20-->[com.journeyapps:zxing-android-embedded:3.6.0] AndroidManifest.xml:34:9-57
21        android:required="false" />
21-->[com.journeyapps:zxing-android-embedded:3.6.0] AndroidManifest.xml:35:9-33
22    <uses-feature
22-->[com.journeyapps:zxing-android-embedded:3.6.0] AndroidManifest.xml:36:5-38:36
23        android:name="android.hardware.camera.flash"
23-->[com.journeyapps:zxing-android-embedded:3.6.0] AndroidManifest.xml:37:9-53
24        android:required="false" />
24-->[com.journeyapps:zxing-android-embedded:3.6.0] AndroidManifest.xml:38:9-33
25    <uses-feature
25-->[com.journeyapps:zxing-android-embedded:3.6.0] AndroidManifest.xml:39:5-41:36
26        android:name="android.hardware.screen.landscape"
26-->[com.journeyapps:zxing-android-embedded:3.6.0] AndroidManifest.xml:40:9-57
27        android:required="false" />
27-->[com.journeyapps:zxing-android-embedded:3.6.0] AndroidManifest.xml:41:9-33
28    <uses-feature
28-->[com.journeyapps:zxing-android-embedded:3.6.0] AndroidManifest.xml:42:5-44:36
29        android:name="android.hardware.wifi"
29-->[com.journeyapps:zxing-android-embedded:3.6.0] AndroidManifest.xml:43:9-45
30        android:required="false" />
30-->[com.journeyapps:zxing-android-embedded:3.6.0] AndroidManifest.xml:44:9-33
31
32    <application
32-->src\main\AndroidManifest.xml:6:5-31:19
33        android:allowBackup="true"
33-->src\main\AndroidManifest.xml:7:9-35
34        android:appComponentFactory="androidx.core.app.CoreComponentFactory"
34-->[androidx.core:core:1.0.1] AndroidManifest.xml:22:18-86
35        android:debuggable="true"
36        android:hardwareAccelerated="true"
36-->src\main\AndroidManifest.xml:8:9-43
37        android:icon="@mipmap/ic_launcher"
37-->src\main\AndroidManifest.xml:9:9-43
38        android:label="Barcode Widget"
38-->src\main\AndroidManifest.xml:10:9-39
39        android:roundIcon="@mipmap/ic_launcher_round"
39-->src\main\AndroidManifest.xml:11:9-54
40        android:supportsRtl="true"
40-->src\main\AndroidManifest.xml:12:9-35
41        android:testOnly="true"
42        android:theme="@style/AppTheme" >
42-->src\main\AndroidManifest.xml:13:9-40
43        <activity android:name="com.example.barcodewidgetf10.SetBarcodeDialog" />
43-->src\main\AndroidManifest.xml:15:9-63
43-->src\main\AndroidManifest.xml:15:19-51
44        <activity
44-->src\main\AndroidManifest.xml:16:9-24:20
45            android:name="com.example.barcodewidgetf10.SplashActivity"
45-->src\main\AndroidManifest.xml:17:13-43
46            android:theme="@style/AppTheme" >
46-->src\main\AndroidManifest.xml:18:13-44
47            <intent-filter>
47-->src\main\AndroidManifest.xml:19:13-23:29
48                <action android:name="android.intent.action.MAIN" />
48-->src\main\AndroidManifest.xml:20:17-69
48-->src\main\AndroidManifest.xml:20:25-66
49
50                <category android:name="android.intent.category.LAUNCHER" />
50-->src\main\AndroidManifest.xml:22:17-77
50-->src\main\AndroidManifest.xml:22:27-74
51            </intent-filter>
52        </activity>
53        <activity android:name="com.example.barcodewidgetf10.ScanQR" />
53-->src\main\AndroidManifest.xml:25:9-44
53-->src\main\AndroidManifest.xml:25:19-41
54        <activity
54-->src\main\AndroidManifest.xml:26:9-29:49
55            android:name="com.journeyapps.barcodescanner.CaptureActivity"
55-->src\main\AndroidManifest.xml:27:13-74
56            android:clearTaskOnLaunch="true"
56-->[com.journeyapps:zxing-android-embedded:3.6.0] AndroidManifest.xml:49:13-45
57            android:screenOrientation="fullSensor"
57-->src\main\AndroidManifest.xml:28:13-51
58            android:stateNotNeeded="true"
58-->[com.journeyapps:zxing-android-embedded:3.6.0] AndroidManifest.xml:51:13-42
59            android:theme="@style/zxing_CaptureTheme"
59-->[com.journeyapps:zxing-android-embedded:3.6.0] AndroidManifest.xml:52:13-54
60            android:windowSoftInputMode="stateAlwaysHidden" />
60-->[com.journeyapps:zxing-android-embedded:3.6.0] AndroidManifest.xml:53:13-60
61        <activity android:name="com.example.barcodewidgetf10.MainActivity" />
61-->src\main\AndroidManifest.xml:30:9-50
61-->src\main\AndroidManifest.xml:30:19-47
62    </application>
63
64</manifest>